c:\users\karlmartin\documents\adventures of charles\source\eucoluscore\debug\eucoluscore.pdb
c:\users\karlmartin\documents\adventures of charles\source\eucoluscore\debug\eucoluscore.idb
c:\users\karlmartin\documents\adventures of charles\source\eucoluscore\debug\eucolusgame.obj
c:\users\karlmartin\documents\adventures of charles\source\eucoluscore\debug\eucolusrenderer.obj
c:\users\karlmartin\documents\adventures of charles\source\eucoluscore\debug\audio.obj
c:\users\karlmartin\documents\adventures of charles\source\eucoluscore\debug\gamestate.obj
c:\users\karlmartin\documents\adventures of charles\source\eucoluscore\debug\gamestatemenu.obj
c:\users\karlmartin\documents\adventures of charles\source\eucoluscore\debug\gamestateplaying.obj
c:\users\karlmartin\documents\adventures of charles\source\eucoluscore\debug\network.obj
c:\users\karlmartin\documents\adventures of charles\source\eucoluscore\debug\renderer.obj
c:\users\karlmartin\documents\adventures of charles\source\eucoluscore\debug\texture.obj
c:\users\karlmartin\documents\adventures of charles\source\eucoluscore\debug\filesystem.obj
c:\users\karlmartin\documents\adventures of charles\source\eucoluscore\debug\window.obj
c:\users\karlmartin\documents\adventures of charles\source\eucoluscore\debug\component.obj
c:\users\karlmartin\documents\adventures of charles\source\eucoluscore\debug\entity.obj
c:\users\karlmartin\documents\adventures of charles\source\eucoluscore\debug\gameobject.obj
c:\users\karlmartin\documents\adventures of charles\source\eucoluscore\debug\tilemap.obj
c:\users\karlmartin\documents\adventures of charles\source\eucoluscore\debug\world.obj
c:\users\karlmartin\documents\adventures of charles\source\eucoluscore\debug\game.obj
c:\users\karlmartin\documents\adventures of charles\source\eucoluscore\debug\guielement.obj
c:\users\karlmartin\documents\adventures of charles\source\eucoluscore\debug\gui.obj
c:\users\karlmartin\documents\adventures of charles\source\eucoluscore\debug\lua.obj
c:\users\karlmartin\documents\adventures of charles\source\eucoluscore\debug\vector2.obj
c:\users\karlmartin\documents\adventures of charles\debug\eucoluscore.lib
c:\users\karlmartin\documents\adventures of charles\debug\eucoluscore.pdb
c:\users\karlmartin\documents\adventures of charles\source\eucoluscore\debug\eucoluscore.tlog\cl.command.1.tlog
c:\users\karlmartin\documents\adventures of charles\source\eucoluscore\debug\eucoluscore.tlog\cl.read.1.tlog
c:\users\karlmartin\documents\adventures of charles\source\eucoluscore\debug\eucoluscore.tlog\cl.write.1.tlog
c:\users\karlmartin\documents\adventures of charles\source\eucoluscore\debug\eucoluscore.tlog\lib-link.read.1.tlog
c:\users\karlmartin\documents\adventures of charles\source\eucoluscore\debug\eucoluscore.tlog\lib-link.write.1.tlog
c:\users\karlmartin\documents\adventures of charles\source\eucoluscore\debug\eucoluscore.tlog\lib.command.1.tlog
