  AOC.cpp
EucolusCore.lib(EucolusLua.obj) : error LNK2038: mismatch detected for '_ITERATOR_DEBUG_LEVEL': value '2' doesn't match value '0' in AOC.obj
EucolusCore.lib(EucolusLua.obj) : error LNK2038: mismatch detected for 'RuntimeLibrary': value 'MDd_DynamicDebug' doesn't match value 'MD_DynamicRelease' in AOC.obj
EucolusCore.lib(EucolusLua.obj) : warning LNK4075: ignoring '/EDITANDCONTINUE' due to '/OPT:ICF' specification
EucolusCore.lib(Game.obj) : error LNK2038: mismatch detected for '_ITERATOR_DEBUG_LEVEL': value '2' doesn't match value '0' in AOC.obj
EucolusCore.lib(Game.obj) : error LNK2038: mismatch detected for 'RuntimeLibrary': value 'MDd_DynamicDebug' doesn't match value 'MD_DynamicRelease' in AOC.obj
EucolusCore.lib(Console.obj) : error LNK2038: mismatch detected for '_ITERATOR_DEBUG_LEVEL': value '2' doesn't match value '0' in AOC.obj
EucolusCore.lib(Console.obj) : error LNK2038: mismatch detected for 'RuntimeLibrary': value 'MDd_DynamicDebug' doesn't match value 'MD_DynamicRelease' in AOC.obj
EucolusCore.lib(Renderer.obj) : error LNK2038: mismatch detected for '_ITERATOR_DEBUG_LEVEL': value '2' doesn't match value '0' in AOC.obj
EucolusCore.lib(Renderer.obj) : error LNK2038: mismatch detected for 'RuntimeLibrary': value 'MDd_DynamicDebug' doesn't match value 'MD_DynamicRelease' in AOC.obj
EucolusCore.lib(Window.obj) : error LNK2038: mismatch detected for '_ITERATOR_DEBUG_LEVEL': value '2' doesn't match value '0' in AOC.obj
EucolusCore.lib(Window.obj) : error LNK2038: mismatch detected for 'RuntimeLibrary': value 'MDd_DynamicDebug' doesn't match value 'MD_DynamicRelease' in AOC.obj
LINK : warning LNK4098: defaultlib 'MSVCRTD' conflicts with use of other libs; use /NODEFAULTLIB:library
EucolusCore.lib(EucolusLua.obj) : error LNK2001: unresolved external symbol __imp___invalid_parameter
EucolusCore.lib(Game.obj) : error LNK2001: unresolved external symbol __imp___invalid_parameter
EucolusCore.lib(Console.obj) : error LNK2001: unresolved external symbol __imp___invalid_parameter
EucolusCore.lib(Window.obj) : error LNK2001: unresolved external symbol __imp___invalid_parameter
EucolusCore.lib(EucolusLua.obj) : error LNK2001: unresolved external symbol __imp___CrtDbgReportW
EucolusCore.lib(Game.obj) : error LNK2001: unresolved external symbol __imp___CrtDbgReportW
EucolusCore.lib(Console.obj) : error LNK2001: unresolved external symbol __imp___CrtDbgReportW
EucolusCore.lib(Window.obj) : error LNK2001: unresolved external symbol __imp___CrtDbgReportW
C:\Users\KarlMartin\Documents\Adventures of Charles\Release\AOC.exe : fatal error LNK1120: 2 unresolved externals
